This is pdfTeX, Version 3.14159265-2.6-1.40.21 (TeX Live 2020) (preloaded format=pdflatex 2020.7.27)  8 JAN 2021 13:36
entering extended mode
 restricted \write18 enabled.
 %&-line parsing enabled.
**lecturenotes.tex
(./lecturenotes.tex
LaTeX2e <2020-02-02> patch level 5
L3 programming layer <2020-07-17>
(/usr/local/texlive/2020/texmf-dist/tex/latex/base/book.cls
Document Class: book 2019/12/20 v1.4l Standard LaTeX document class
(/usr/local/texlive/2020/texmf-dist/tex/latex/base/bk11.clo
File: bk11.clo 2019/12/20 v1.4l Standard LaTeX file (size option)
)
\c@part=\count168
\c@chapter=\count169
\c@section=\count170
\c@subsection=\count171
\c@subsubsection=\count172
\c@paragraph=\count173
\c@subparagraph=\count174
\c@figure=\count175
\c@table=\count176
\abovecaptionskip=\skip47
\belowcaptionskip=\skip48
\bibindent=\dimen134
)
(/usr/local/texlive/2020/texmf-dist/tex/latex/base/inputenc.sty
Package: inputenc 2018/08/11 v1.3c Input encoding file
\inpenc@prehook=\toks15
\inpenc@posthook=\toks16
)
(/usr/local/texlive/2020/texmf-dist/tex/generic/babel/babel.sty
Package: babel 2020/07/13 3.47 The Babel package

(/usr/local/texlive/2020/texmf-dist/tex/generic/babel/babel.def
File: babel.def 2020/07/13 3.47 Babel common definitions
\babel@savecnt=\count177
\U@D=\dimen135
\l@babelnohyphens=\language86

(/usr/local/texlive/2020/texmf-dist/tex/generic/babel/txtbabel.def)
\bbl@readstream=\read2
)
\bbl@dirlevel=\count178

(/usr/local/texlive/2020/texmf-dist/tex/generic/babel-english/english.ldf
Language: english 2017/06/06 v3.3r English support from the babel system
Package babel Info: \l@canadian = using hyphenrules for english
(babel)             (\language0) on input line 102.
Package babel Info: \l@australian = using hyphenrules for ukenglish
(babel)             (\language21) on input line 105.
Package babel Info: \l@newzealand = using hyphenrules for ukenglish
(babel)             (\language21) on input line 108.
))
(/usr/local/texlive/2020/texmf-dist/tex/latex/amsmath/amsmath.sty
Package: amsmath 2020/01/20 v2.17e AMS math features
\@mathmargin=\skip49

For additional information on amsmath, use the `?' option.
(/usr/local/texlive/2020/texmf-dist/tex/latex/amsmath/amstext.sty
Package: amstext 2000/06/29 v2.01 AMS text

(/usr/local/texlive/2020/texmf-dist/tex/latex/amsmath/amsgen.sty
File: amsgen.sty 1999/11/30 v2.0 generic functions
\@emptytoks=\toks17
\ex@=\dimen136
))
(/usr/local/texlive/2020/texmf-dist/tex/latex/amsmath/amsbsy.sty
Package: amsbsy 1999/11/29 v1.2d Bold Symbols
\pmbraise@=\dimen137
)
(/usr/local/texlive/2020/texmf-dist/tex/latex/amsmath/amsopn.sty
Package: amsopn 2016/03/08 v2.02 operator names
)
\inf@bad=\count179
LaTeX Info: Redefining \frac on input line 227.
\uproot@=\count180
\leftroot@=\count181
LaTeX Info: Redefining \overline on input line 389.
\classnum@=\count182
\DOTSCASE@=\count183
LaTeX Info: Redefining \ldots on input line 486.
LaTeX Info: Redefining \dots on input line 489.
LaTeX Info: Redefining \cdots on input line 610.
\Mathstrutbox@=\box45
\strutbox@=\box46
\big@size=\dimen138
LaTeX Font Info:    Redeclaring font encoding OML on input line 733.
LaTeX Font Info:    Redeclaring font encoding OMS on input line 734.
\macc@depth=\count184
\c@MaxMatrixCols=\count185
\dotsspace@=\muskip16
\c@parentequation=\count186
\dspbrk@lvl=\count187
\tag@help=\toks18
\row@=\count188
\column@=\count189
\maxfields@=\count190
\andhelp@=\toks19
\eqnshift@=\dimen139
\alignsep@=\dimen140
\tagshift@=\dimen141
\tagwidth@=\dimen142
\totwidth@=\dimen143
\lineht@=\dimen144
\@envbody=\toks20
\multlinegap=\skip50
\multlinetaggap=\skip51
\mathdisplay@stack=\toks21
LaTeX Info: Redefining \[ on input line 2859.
LaTeX Info: Redefining \] on input line 2860.
)
(/usr/local/texlive/2020/texmf-dist/tex/latex/circuitikz/circuitikz.sty
Package: circuitikz 2020/07/15{} The CircuiTikz circuit drawing package version
 1.2.2

(/usr/local/texlive/2020/texmf-dist/tex/latex/pgf/frontendlayer/tikz.sty
(/usr/local/texlive/2020/texmf-dist/tex/latex/pgf/basiclayer/pgf.sty
(/usr/local/texlive/2020/texmf-dist/tex/latex/pgf/utilities/pgfrcs.sty
(/usr/local/texlive/2020/texmf-dist/tex/generic/pgf/utilities/pgfutil-common.te
x
\pgfutil@everybye=\toks22
\pgfutil@tempdima=\dimen145
\pgfutil@tempdimb=\dimen146

(/usr/local/texlive/2020/texmf-dist/tex/generic/pgf/utilities/pgfutil-common-li
sts.tex))
(/usr/local/texlive/2020/texmf-dist/tex/generic/pgf/utilities/pgfutil-latex.def
\pgfutil@abb=\box47
(/usr/local/texlive/2020/texmf-dist/tex/latex/ms/everyshi.sty
Package: everyshi 2001/05/15 v3.00 EveryShipout Package (MS)
))
(/usr/local/texlive/2020/texmf-dist/tex/generic/pgf/utilities/pgfrcs.code.tex
(/usr/local/texlive/2020/texmf-dist/tex/generic/pgf/pgf.revision.tex)
Package: pgfrcs 2020/01/08 v3.1.5b (3.1.5b)
))
Package: pgf 2020/01/08 v3.1.5b (3.1.5b)

(/usr/local/texlive/2020/texmf-dist/tex/latex/pgf/basiclayer/pgfcore.sty
(/usr/local/texlive/2020/texmf-dist/tex/latex/graphics/graphicx.sty
Package: graphicx 2019/11/30 v1.2a Enhanced LaTeX Graphics (DPC,SPQR)

(/usr/local/texlive/2020/texmf-dist/tex/latex/graphics/keyval.sty
Package: keyval 2014/10/28 v1.15 key=value parser (DPC)
\KV@toks@=\toks23
)
(/usr/local/texlive/2020/texmf-dist/tex/latex/graphics/graphics.sty
Package: graphics 2019/11/30 v1.4a Standard LaTeX Graphics (DPC,SPQR)

(/usr/local/texlive/2020/texmf-dist/tex/latex/graphics/trig.sty
Package: trig 2016/01/03 v1.10 sin cos tan (DPC)
)
(/usr/local/texlive/2020/texmf-dist/tex/latex/graphics-cfg/graphics.cfg
File: graphics.cfg 2016/06/04 v1.11 sample graphics configuration
)
Package graphics Info: Driver file: pdftex.def on input line 105.

(/usr/local/texlive/2020/texmf-dist/tex/latex/graphics-def/pdftex.def
File: pdftex.def 2018/01/08 v1.0l Graphics/color driver for pdftex
))
\Gin@req@height=\dimen147
\Gin@req@width=\dimen148
)
(/usr/local/texlive/2020/texmf-dist/tex/latex/pgf/systemlayer/pgfsys.sty
(/usr/local/texlive/2020/texmf-dist/tex/generic/pgf/systemlayer/pgfsys.code.tex
Package: pgfsys 2020/01/08 v3.1.5b (3.1.5b)
(/usr/local/texlive/2020/texmf-dist/tex/generic/pgf/utilities/pgfkeys.code.tex
\pgfkeys@pathtoks=\toks24
\pgfkeys@temptoks=\toks25

(/usr/local/texlive/2020/texmf-dist/tex/generic/pgf/utilities/pgfkeysfiltered.c
ode.tex
\pgfkeys@tmptoks=\toks26
))
\pgf@x=\dimen149
\pgf@y=\dimen150
\pgf@xa=\dimen151
\pgf@ya=\dimen152
\pgf@xb=\dimen153
\pgf@yb=\dimen154
\pgf@xc=\dimen155
\pgf@yc=\dimen156
\pgf@xd=\dimen157
\pgf@yd=\dimen158
\w@pgf@writea=\write3
\r@pgf@reada=\read3
\c@pgf@counta=\count191
\c@pgf@countb=\count192
\c@pgf@countc=\count193
\c@pgf@countd=\count194
\t@pgf@toka=\toks27
\t@pgf@tokb=\toks28
\t@pgf@tokc=\toks29
\pgf@sys@id@count=\count195

(/usr/local/texlive/2020/texmf-dist/tex/generic/pgf/systemlayer/pgf.cfg
File: pgf.cfg 2020/01/08 v3.1.5b (3.1.5b)
)
Driver file for pgf: pgfsys-pdftex.def

(/usr/local/texlive/2020/texmf-dist/tex/generic/pgf/systemlayer/pgfsys-pdftex.d
ef
File: pgfsys-pdftex.def 2020/01/08 v3.1.5b (3.1.5b)

(/usr/local/texlive/2020/texmf-dist/tex/generic/pgf/systemlayer/pgfsys-common-p
df.def
File: pgfsys-common-pdf.def 2020/01/08 v3.1.5b (3.1.5b)
)))
(/usr/local/texlive/2020/texmf-dist/tex/generic/pgf/systemlayer/pgfsyssoftpath.
code.tex
File: pgfsyssoftpath.code.tex 2020/01/08 v3.1.5b (3.1.5b)
\pgfsyssoftpath@smallbuffer@items=\count196
\pgfsyssoftpath@bigbuffer@items=\count197
)
(/usr/local/texlive/2020/texmf-dist/tex/generic/pgf/systemlayer/pgfsysprotocol.
code.tex
File: pgfsysprotocol.code.tex 2020/01/08 v3.1.5b (3.1.5b)
)) (/usr/local/texlive/2020/texmf-dist/tex/latex/xcolor/xcolor.sty
Package: xcolor 2016/05/11 v2.12 LaTeX color extensions (UK)

(/usr/local/texlive/2020/texmf-dist/tex/latex/graphics-cfg/color.cfg
File: color.cfg 2016/01/02 v1.6 sample color configuration
)
Package xcolor Info: Driver file: pdftex.def on input line 225.
Package xcolor Info: Model `cmy' substituted by `cmy0' on input line 1348.
Package xcolor Info: Model `hsb' substituted by `rgb' on input line 1352.
Package xcolor Info: Model `RGB' extended on input line 1364.
Package xcolor Info: Model `HTML' substituted by `rgb' on input line 1366.
Package xcolor Info: Model `Hsb' substituted by `hsb' on input line 1367.
Package xcolor Info: Model `tHsb' substituted by `hsb' on input line 1368.
Package xcolor Info: Model `HSB' substituted by `hsb' on input line 1369.
Package xcolor Info: Model `Gray' substituted by `gray' on input line 1370.
Package xcolor Info: Model `wave' substituted by `hsb' on input line 1371.
)
(/usr/local/texlive/2020/texmf-dist/tex/generic/pgf/basiclayer/pgfcore.code.tex
Package: pgfcore 2020/01/08 v3.1.5b (3.1.5b)
(/usr/local/texlive/2020/texmf-dist/tex/generic/pgf/math/pgfmath.code.tex
(/usr/local/texlive/2020/texmf-dist/tex/generic/pgf/math/pgfmathcalc.code.tex
(/usr/local/texlive/2020/texmf-dist/tex/generic/pgf/math/pgfmathutil.code.tex)
(/usr/local/texlive/2020/texmf-dist/tex/generic/pgf/math/pgfmathparser.code.tex
\pgfmath@dimen=\dimen159
\pgfmath@count=\count198
\pgfmath@box=\box48
\pgfmath@toks=\toks30
\pgfmath@stack@operand=\toks31
\pgfmath@stack@operation=\toks32
)
(/usr/local/texlive/2020/texmf-dist/tex/generic/pgf/math/pgfmathfunctions.code.
tex
(/usr/local/texlive/2020/texmf-dist/tex/generic/pgf/math/pgfmathfunctions.basic
.code.tex)
(/usr/local/texlive/2020/texmf-dist/tex/generic/pgf/math/pgfmathfunctions.trigo
nometric.code.tex)
(/usr/local/texlive/2020/texmf-dist/tex/generic/pgf/math/pgfmathfunctions.rando
m.code.tex)
(/usr/local/texlive/2020/texmf-dist/tex/generic/pgf/math/pgfmathfunctions.compa
rison.code.tex)
(/usr/local/texlive/2020/texmf-dist/tex/generic/pgf/math/pgfmathfunctions.base.
code.tex)
(/usr/local/texlive/2020/texmf-dist/tex/generic/pgf/math/pgfmathfunctions.round
.code.tex)
(/usr/local/texlive/2020/texmf-dist/tex/generic/pgf/math/pgfmathfunctions.misc.
code.tex)
(/usr/local/texlive/2020/texmf-dist/tex/generic/pgf/math/pgfmathfunctions.integ
erarithmetics.code.tex)))
(/usr/local/texlive/2020/texmf-dist/tex/generic/pgf/math/pgfmathfloat.code.tex
\c@pgfmathroundto@lastzeros=\count199
)) (/usr/local/texlive/2020/texmf-dist/tex/generic/pgf/math/pgfint.code.tex)
(/usr/local/texlive/2020/texmf-dist/tex/generic/pgf/basiclayer/pgfcorepoints.co
de.tex
File: pgfcorepoints.code.tex 2020/01/08 v3.1.5b (3.1.5b)
\pgf@picminx=\dimen160
\pgf@picmaxx=\dimen161
\pgf@picminy=\dimen162
\pgf@picmaxy=\dimen163
\pgf@pathminx=\dimen164
\pgf@pathmaxx=\dimen165
\pgf@pathminy=\dimen166
\pgf@pathmaxy=\dimen167
\pgf@xx=\dimen168
\pgf@xy=\dimen169
\pgf@yx=\dimen170
\pgf@yy=\dimen171
\pgf@zx=\dimen172
\pgf@zy=\dimen173
)
(/usr/local/texlive/2020/texmf-dist/tex/generic/pgf/basiclayer/pgfcorepathconst
ruct.code.tex
File: pgfcorepathconstruct.code.tex 2020/01/08 v3.1.5b (3.1.5b)
\pgf@path@lastx=\dimen174
\pgf@path@lasty=\dimen175
)
(/usr/local/texlive/2020/texmf-dist/tex/generic/pgf/basiclayer/pgfcorepathusage
.code.tex
File: pgfcorepathusage.code.tex 2020/01/08 v3.1.5b (3.1.5b)
\pgf@shorten@end@additional=\dimen176
\pgf@shorten@start@additional=\dimen177
)
(/usr/local/texlive/2020/texmf-dist/tex/generic/pgf/basiclayer/pgfcorescopes.co
de.tex
File: pgfcorescopes.code.tex 2020/01/08 v3.1.5b (3.1.5b)
\pgfpic=\box49
\pgf@hbox=\box50
\pgf@layerbox@main=\box51
\pgf@picture@serial@count=\count266
)
(/usr/local/texlive/2020/texmf-dist/tex/generic/pgf/basiclayer/pgfcoregraphicst
ate.code.tex
File: pgfcoregraphicstate.code.tex 2020/01/08 v3.1.5b (3.1.5b)
\pgflinewidth=\dimen178
)
(/usr/local/texlive/2020/texmf-dist/tex/generic/pgf/basiclayer/pgfcoretransform
ations.code.tex
File: pgfcoretransformations.code.tex 2020/01/08 v3.1.5b (3.1.5b)
\pgf@pt@x=\dimen179
\pgf@pt@y=\dimen180
\pgf@pt@temp=\dimen181
)
(/usr/local/texlive/2020/texmf-dist/tex/generic/pgf/basiclayer/pgfcorequick.cod
e.tex
File: pgfcorequick.code.tex 2020/01/08 v3.1.5b (3.1.5b)
)
(/usr/local/texlive/2020/texmf-dist/tex/generic/pgf/basiclayer/pgfcoreobjects.c
ode.tex
File: pgfcoreobjects.code.tex 2020/01/08 v3.1.5b (3.1.5b)
)
(/usr/local/texlive/2020/texmf-dist/tex/generic/pgf/basiclayer/pgfcorepathproce
ssing.code.tex
File: pgfcorepathprocessing.code.tex 2020/01/08 v3.1.5b (3.1.5b)
)
(/usr/local/texlive/2020/texmf-dist/tex/generic/pgf/basiclayer/pgfcorearrows.co
de.tex
File: pgfcorearrows.code.tex 2020/01/08 v3.1.5b (3.1.5b)
\pgfarrowsep=\dimen182
)
(/usr/local/texlive/2020/texmf-dist/tex/generic/pgf/basiclayer/pgfcoreshade.cod
e.tex
File: pgfcoreshade.code.tex 2020/01/08 v3.1.5b (3.1.5b)
\pgf@max=\dimen183
\pgf@sys@shading@range@num=\count267
\pgf@shadingcount=\count268
)
(/usr/local/texlive/2020/texmf-dist/tex/generic/pgf/basiclayer/pgfcoreimage.cod
e.tex
File: pgfcoreimage.code.tex 2020/01/08 v3.1.5b (3.1.5b)

(/usr/local/texlive/2020/texmf-dist/tex/generic/pgf/basiclayer/pgfcoreexternal.
code.tex
File: pgfcoreexternal.code.tex 2020/01/08 v3.1.5b (3.1.5b)
\pgfexternal@startupbox=\box52
))
(/usr/local/texlive/2020/texmf-dist/tex/generic/pgf/basiclayer/pgfcorelayers.co
de.tex
File: pgfcorelayers.code.tex 2020/01/08 v3.1.5b (3.1.5b)
)
(/usr/local/texlive/2020/texmf-dist/tex/generic/pgf/basiclayer/pgfcoretranspare
ncy.code.tex
File: pgfcoretransparency.code.tex 2020/01/08 v3.1.5b (3.1.5b)
)
(/usr/local/texlive/2020/texmf-dist/tex/generic/pgf/basiclayer/pgfcorepatterns.
code.tex
File: pgfcorepatterns.code.tex 2020/01/08 v3.1.5b (3.1.5b)
)
(/usr/local/texlive/2020/texmf-dist/tex/generic/pgf/basiclayer/pgfcorerdf.code.
tex
File: pgfcorerdf.code.tex 2020/01/08 v3.1.5b (3.1.5b)
)))
(/usr/local/texlive/2020/texmf-dist/tex/generic/pgf/modules/pgfmoduleshapes.cod
e.tex
File: pgfmoduleshapes.code.tex 2020/01/08 v3.1.5b (3.1.5b)
\pgfnodeparttextbox=\box53
)
(/usr/local/texlive/2020/texmf-dist/tex/generic/pgf/modules/pgfmoduleplot.code.
tex
File: pgfmoduleplot.code.tex 2020/01/08 v3.1.5b (3.1.5b)
)
(/usr/local/texlive/2020/texmf-dist/tex/latex/pgf/compatibility/pgfcomp-version
-0-65.sty
Package: pgfcomp-version-0-65 2020/01/08 v3.1.5b (3.1.5b)
\pgf@nodesepstart=\dimen184
\pgf@nodesepend=\dimen185
)
(/usr/local/texlive/2020/texmf-dist/tex/latex/pgf/compatibility/pgfcomp-version
-1-18.sty
Package: pgfcomp-version-1-18 2020/01/08 v3.1.5b (3.1.5b)
))
(/usr/local/texlive/2020/texmf-dist/tex/latex/pgf/utilities/pgffor.sty
(/usr/local/texlive/2020/texmf-dist/tex/latex/pgf/utilities/pgfkeys.sty
(/usr/local/texlive/2020/texmf-dist/tex/generic/pgf/utilities/pgfkeys.code.tex)
) (/usr/local/texlive/2020/texmf-dist/tex/latex/pgf/math/pgfmath.sty
(/usr/local/texlive/2020/texmf-dist/tex/generic/pgf/math/pgfmath.code.tex))
(/usr/local/texlive/2020/texmf-dist/tex/generic/pgf/utilities/pgffor.code.tex
Package: pgffor 2020/01/08 v3.1.5b (3.1.5b)

(/usr/local/texlive/2020/texmf-dist/tex/generic/pgf/math/pgfmath.code.tex)
\pgffor@iter=\dimen186
\pgffor@skip=\dimen187
\pgffor@stack=\toks33
\pgffor@toks=\toks34
))
(/usr/local/texlive/2020/texmf-dist/tex/generic/pgf/frontendlayer/tikz/tikz.cod
e.tex
Package: tikz 2020/01/08 v3.1.5b (3.1.5b)

(/usr/local/texlive/2020/texmf-dist/tex/generic/pgf/libraries/pgflibraryplothan
dlers.code.tex
File: pgflibraryplothandlers.code.tex 2020/01/08 v3.1.5b (3.1.5b)
\pgf@plot@mark@count=\count269
\pgfplotmarksize=\dimen188
)
\tikz@lastx=\dimen189
\tikz@lasty=\dimen190
\tikz@lastxsaved=\dimen191
\tikz@lastysaved=\dimen192
\tikz@lastmovetox=\dimen193
\tikz@lastmovetoy=\dimen194
\tikzleveldistance=\dimen195
\tikzsiblingdistance=\dimen196
\tikz@figbox=\box54
\tikz@figbox@bg=\box55
\tikz@tempbox=\box56
\tikz@tempbox@bg=\box57
\tikztreelevel=\count270
\tikznumberofchildren=\count271
\tikznumberofcurrentchild=\count272
\tikz@fig@count=\count273

(/usr/local/texlive/2020/texmf-dist/tex/generic/pgf/modules/pgfmodulematrix.cod
e.tex
File: pgfmodulematrix.code.tex 2020/01/08 v3.1.5b (3.1.5b)
\pgfmatrixcurrentrow=\count274
\pgfmatrixcurrentcolumn=\count275
\pgf@matrix@numberofcolumns=\count276
)
\tikz@expandcount=\count277

(/usr/local/texlive/2020/texmf-dist/tex/generic/pgf/frontendlayer/tikz/librarie
s/tikzlibrarytopaths.code.tex
File: tikzlibrarytopaths.code.tex 2020/01/08 v3.1.5b (3.1.5b)
)))
(/usr/local/texlive/2020/texmf-dist/tex/generic/pgf/frontendlayer/tikz/librarie
s/tikzlibrarycalc.code.tex
File: tikzlibrarycalc.code.tex 2020/01/08 v3.1.5b (3.1.5b)
)
(/usr/local/texlive/2020/texmf-dist/tex/generic/pgf/libraries/pgflibraryarrows.
meta.code.tex
File: pgflibraryarrows.meta.code.tex 2020/01/08 v3.1.5b (3.1.5b)
\pgfarrowinset=\dimen197
\pgfarrowlength=\dimen198
\pgfarrowwidth=\dimen199
\pgfarrowlinewidth=\dimen256
)
(/usr/local/texlive/2020/texmf-dist/tex/generic/pgf/frontendlayer/tikz/librarie
s/tikzlibrarybending.code.tex
File: tikzlibrarybending.code.tex 2020/01/08 v3.1.5b (3.1.5b)

(/usr/local/texlive/2020/texmf-dist/tex/generic/pgf/modules/pgfmodulebending.co
de.tex
File: pgfmodulebending.code.tex 2020/01/08 v3.1.5b (3.1.5b)

(/usr/local/texlive/2020/texmf-dist/tex/generic/pgf/modules/pgfmodulenonlineart
ransformations.code.tex
File: pgfmodulenonlineartransformations.code.tex 2020/01/08 v3.1.5b (3.1.5b)
\pgftransformnonlinearflatness=\dimen257
)
(/usr/local/texlive/2020/texmf-dist/tex/generic/pgf/libraries/pgflibrarycurvili
near.code.tex
File: pgflibrarycurvilinear.code.tex 2020/01/08 v3.1.5b (3.1.5b)
\pgf@curvilinear@time@a=\dimen258
\pgf@curvilinear@length@a=\dimen259
\pgf@curvilinear@length@b=\dimen260
\pgf@curvilinear@length@c=\dimen261
\pgf@curvilinear@length@d=\dimen262
)
\pgf@arrows@the@rigidity=\dimen263
))
(/usr/local/texlive/2020/texmf-dist/tex/generic/pgf/frontendlayer/tikz/librarie
s/tikzlibraryfpu.code.tex
(/usr/local/texlive/2020/texmf-dist/tex/generic/pgf/libraries/pgflibraryfpu.cod
e.tex))
(/usr/local/texlive/2020/texmf-dist/tex/generic/circuitikz/pgfcirc.defines.tex
\pgf@circ@count@a=\count278
\pgf@circ@count@b=\count279
\pgf@circ@count@c=\count280
\pgf@circ@res@up=\dimen264
\pgf@circ@res@down=\dimen265
\pgf@circ@res@zero=\dimen266
\pgf@circ@res@left=\dimen267
\pgf@circ@res@right=\dimen268
\pgf@circ@res@other=\dimen269
\pgf@circ@res@step=\dimen270
\pgf@circ@res@temp=\dimen271
\pgf@circ@Rlen=\dimen272
\pgf@circ@scaled@Rlen=\dimen273
\pgfstartlinewidth=\dimen274
) (/usr/local/texlive/2020/texmf-dist/tex/generic/circuitikz/pgfcircutils.tex)
(/usr/local/texlive/2020/texmf-dist/tex/generic/circuitikz/pgfcircshapes.tex)
(/usr/local/texlive/2020/texmf-dist/tex/generic/circuitikz/pgfcircmonopoles.tex
) (/usr/local/texlive/2020/texmf-dist/tex/generic/circuitikz/pgfcircbipoles.tex
)
(/usr/local/texlive/2020/texmf-dist/tex/generic/circuitikz/pgfcirctripoles.tex
\pgf@circ@res@count=\count281
)
(/usr/local/texlive/2020/texmf-dist/tex/generic/circuitikz/pgfcircquadpoles.tex
)
(/usr/local/texlive/2020/texmf-dist/tex/generic/circuitikz/pgfcircmultipoles.te
x) (/usr/local/texlive/2020/texmf-dist/tex/generic/circuitikz/pgfcirclabel.tex)
(/usr/local/texlive/2020/texmf-dist/tex/generic/circuitikz/pgfcircvoltage.tex
\pgfcirc@labelshift=\dimen275
)
(/usr/local/texlive/2020/texmf-dist/tex/generic/circuitikz/pgfcirccurrent.tex)
(/usr/local/texlive/2020/texmf-dist/tex/generic/circuitikz/pgfcircflow.tex)
(/usr/local/texlive/2020/texmf-dist/tex/generic/circuitikz/pgfcircpath.tex)

Package circuitikz Warning: You did not specify one of the voltage directions:
(circuitikz)                  oldvoltagedirection, nooldvoltagedirection, 
(circuitikz)                  RPvoltages or EFvoltages 
(circuitikz)                Default directions may have changed, 
(circuitikz)                please check the manual.

) (/usr/local/texlive/2020/texmf-dist/tex/latex/amsfonts/amsfonts.sty
Package: amsfonts 2013/01/14 v3.01 Basic AMSFonts support
\symAMSa=\mathgroup4
\symAMSb=\mathgroup5
LaTeX Font Info:    Redeclaring math symbol \hbar on input line 98.
LaTeX Font Info:    Overwriting math alphabet `\mathfrak' in version `bold'
(Font)                  U/euf/m/n --> U/euf/b/n on input line 106.
)
(/usr/local/texlive/2020/texmf-dist/tex/latex/amsfonts/amssymb.sty
Package: amssymb 2013/01/14 v3.01 AMS font symbols
)
(/usr/local/texlive/2020/texmf-dist/tex/latex/listings/listings.sty
\lst@mode=\count282
\lst@gtempboxa=\box58
\lst@token=\toks35
\lst@length=\count283
\lst@currlwidth=\dimen276
\lst@column=\count284
\lst@pos=\count285
\lst@lostspace=\dimen277
\lst@width=\dimen278
\lst@newlines=\count286
\lst@lineno=\count287
\lst@maxwidth=\dimen279

(/usr/local/texlive/2020/texmf-dist/tex/latex/listings/lstmisc.sty
File: lstmisc.sty 2020/03/24 1.8d (Carsten Heinz)
\c@lstnumber=\count288
\lst@skipnumbers=\count289
\lst@framebox=\box59
)
(/usr/local/texlive/2020/texmf-dist/tex/latex/listings/listings.cfg
File: listings.cfg 2020/03/24 1.8d listings configuration
))
Package: listings 2020/03/24 1.8d (Carsten Heinz)

(/usr/local/texlive/2020/texmf-dist/tex/latex/booktabs/booktabs.sty
Package: booktabs 2020/01/12 v1.61803398 Publication quality tables
\heavyrulewidth=\dimen280
\lightrulewidth=\dimen281
\cmidrulewidth=\dimen282
\belowrulesep=\dimen283
\belowbottomsep=\dimen284
\aboverulesep=\dimen285
\abovetopsep=\dimen286
\cmidrulesep=\dimen287
\cmidrulekern=\dimen288
\defaultaddspace=\dimen289
\@cmidla=\count290
\@cmidlb=\count291
\@aboverulesep=\dimen290
\@belowrulesep=\dimen291
\@thisruleclass=\count292
\@lastruleclass=\count293
\@thisrulewidth=\dimen292
)
(/usr/local/texlive/2020/texmf-dist/tex/latex/l3backend/l3backend-pdfmode.def
File: l3backend-pdfmode.def 2020-06-29 L3 backend support: PDF mode
\l__kernel_color_stack_int=\count294
\l__pdf_internal_box=\box60
)
(./lecturenotes.aux

LaTeX Warning: Label `tab:jtype' multiply defined.

)
\openout1 = `lecturenotes.aux'.

LaTeX Font Info:    Checking defaults for OML/cmm/m/it on input line 13.
LaTeX Font Info:    ... okay on input line 13.
LaTeX Font Info:    Checking defaults for OMS/cmsy/m/n on input line 13.
LaTeX Font Info:    ... okay on input line 13.
LaTeX Font Info:    Checking defaults for OT1/cmr/m/n on input line 13.
LaTeX Font Info:    ... okay on input line 13.
LaTeX Font Info:    Checking defaults for T1/cmr/m/n on input line 13.
LaTeX Font Info:    ... okay on input line 13.
LaTeX Font Info:    Checking defaults for TS1/cmr/m/n on input line 13.
LaTeX Font Info:    ... okay on input line 13.
LaTeX Font Info:    Checking defaults for OMX/cmex/m/n on input line 13.
LaTeX Font Info:    ... okay on input line 13.
LaTeX Font Info:    Checking defaults for U/cmr/m/n on input line 13.
LaTeX Font Info:    ... okay on input line 13.
 ABD: EveryShipout initializing macros
(/usr/local/texlive/2020/texmf-dist/tex/context/base/mkii/supp-pdf.mkii
[Loading MPS to PDF converter (version 2006.09.02).]
\scratchcounter=\count295
\scratchdimen=\dimen293
\scratchbox=\box61
\nofMPsegments=\count296
\nofMParguments=\count297
\everyMPshowfont=\toks36
\MPscratchCnt=\count298
\MPscratchDim=\dimen294
\MPnumerator=\count299
\makeMPintoPDFobject=\count300
\everyMPtoPDFconversion=\toks37
) (/usr/local/texlive/2020/texmf-dist/tex/latex/epstopdf-pkg/epstopdf-base.sty
Package: epstopdf-base 2020-01-24 v2.11 Base part for package epstopdf
Package epstopdf-base Info: Redefining graphics rule for `.eps' on input line 4
85.

(/usr/local/texlive/2020/texmf-dist/tex/latex/latexconfig/epstopdf-sys.cfg
File: epstopdf-sys.cfg 2010/07/13 v1.3 Configuration of (r)epstopdf for TeX Liv
e
))
\c@lstlisting=\count301
LaTeX Font Info:    Trying to load font information for U+msa on input line 30.


(/usr/local/texlive/2020/texmf-dist/tex/latex/amsfonts/umsa.fd
File: umsa.fd 2013/01/14 v3.01 AMS symbols A
)
LaTeX Font Info:    Trying to load font information for U+msb on input line 30.


(/usr/local/texlive/2020/texmf-dist/tex/latex/amsfonts/umsb.fd
File: umsb.fd 2013/01/14 v3.01 AMS symbols B
) [1



{/usr/local/texlive/2020/texmf-var/fonts/map/pdftex/updmap/pdftex.map}]
(/usr/local/texlive/2020/texmf-dist/tex/latex/listings/lstlang1.sty
File: lstlang1.sty 2020/03/24 1.8d listings language file
)
(/usr/local/texlive/2020/texmf-dist/tex/latex/listings/lstlang2.sty
File: lstlang2.sty 2020/03/24 1.8d listings language file
)
(/usr/local/texlive/2020/texmf-dist/tex/latex/listings/lstlang3.sty
File: lstlang3.sty 2020/03/24 1.8d listings language file
) [2


]
Chapter 1.

Underfull \hbox (badness 4913) in paragraph at lines 56--57
[]\OT1/cmr/m/n/10.95 Fundementally low la-tency and pre-
 []


Underfull \hbox (badness 10000) in paragraph at lines 57--58
[]\OT1/cmr/m/n/10.95 Architectures for AI/ML, Ge-nomics,
 []


Underfull \hbox (badness 10000) in paragraph at lines 62--63

 []


Underfull \hbox (badness 3168) in paragraph at lines 64--65
[]\OT1/cmr/m/n/10.95 Computer ar-chi-tec-ture was tra-di-tion-ally
 []


Underfull \hbox (badness 10000) in paragraph at lines 64--65

 []


Underfull \hbox (badness 10000) in paragraph at lines 70--71

 []


Underfull \hbox (badness 1199) in paragraph at lines 72--73
[]\OT1/cmr/m/n/10.95 The com-puter ar-chi-tec-ture al-lows bet-ter
 []


Underfull \hbox (badness 1502) in paragraph at lines 72--73
\OT1/cmr/m/n/10.95 sys-tems to be built by mak-ing com-puter
 []


Underfull \hbox (badness 10000) in paragraph at lines 72--73

 []


Underfull \hbox (badness 2600) in paragraph at lines 78--79
\OT1/cmr/m/n/10.95 The present day in-dus-try has en-tered a
 []

[3] [4

]
Chapter 2.

Underfull \hbox (badness 1502) in paragraph at lines 88--89
\OT1/cmr/m/n/10.95 art of se-lect-ing and in-ter-con-nect-ing hard-
 []


Underfull \hbox (badness 3029) in paragraph at lines 88--89
\OT1/cmr/m/n/10.95 Com-puter sys-tems come in many forms,
 []


Underfull \hbox (badness 10000) in paragraph at lines 88--89

 []


Underfull \hbox (badness 1062) in paragraph at lines 90--91
[]\OT1/cmr/m/n/10.95 A sys-tem must be \OT1/cmr/m/it/10.95 Func-tional \OT1/cmr
/m/n/10.95 (cor-rect),
 []


Underfull \hbox (badness 2790) in paragraph at lines 90--91
\OT1/cmr/m/n/10.95 per-for-mance, low cost, low pow-er/en-ergy
 []


Underfull \hbox (badness 10000) in paragraph at lines 90--91

 []


Underfull \hbox (badness 10000) in paragraph at lines 94--95

 []


Underfull \hbox (badness 10000) in paragraph at lines 96--97

 []


Underfull \hbox (badness 10000) in paragraph at lines 98--99

 []


Underfull \hbox (badness 10000) in paragraph at lines 100--101

 []


Underfull \hbox (badness 10000) in paragraph at lines 106--107

 []

[5]
Underfull \hbox (badness 10000) in paragraph at lines 118--119

 []


Underfull \hbox (badness 1365) in paragraph at lines 120--121
\OT1/cmr/m/n/10.95 in-struc-tions are fetched from the mem-ory
 []


Underfull \hbox (badness 1122) in paragraph at lines 120--121
\OT1/cmr/m/n/10.95 called \OT1/cmr/bx/n/10.95 pro-gram counter \OT1/cmr/m/n/10.
95 (PC), \OT1/cmr/m/it/10.95 points \OT1/cmr/m/n/10.95 to
 []


Underfull \hbox (badness 10000) in paragraph at lines 120--121

 []


Underfull \hbox (badness 10000) in paragraph at lines 124--125

 []


Underfull \hbox (badness 10000) in paragraph at lines 126--127

 []


Underfull \hbox (badness 10000) in paragraph at lines 134--135

 []


Underfull \hbox (badness 10000) in paragraph at lines 140--141

 []

[6]
Underfull \hbox (badness 10000) in paragraph at lines 154--155

 []


Underfull \hbox (badness 10000) in paragraph at lines 156--157

 []


Underfull \hbox (badness 10000) in paragraph at lines 158--159

 []


Underfull \hbox (badness 1824) in paragraph at lines 160--161
\OT1/cmr/m/n/10.95 point op-er-a-tions take longer than it-neger
 []


Underfull \hbox (badness 10000) in paragraph at lines 160--161

 []


Underfull \hbox (badness 1708) in paragraph at lines 162--163
[]\OT1/cmr/m/n/10.95 Instruction count for a pro-gram is de-
 []


Underfull \hbox (badness 1874) in paragraph at lines 162--163
\OT1/cmr/m/n/10.95 but the avarage cy-cles per in-struc-tion is
 []


Underfull \hbox (badness 1033) in paragraph at lines 162--163
\OT1/cmr/m/n/10.95 de-ter-mined by CPU hard-ware, if dif-fer-ent
 []


Underfull \hbox (badness 10000) in paragraph at lines 162--163

 []


Underfull \hbox (badness 1215) in paragraph at lines 164--165
[]\OT1/cmr/m/n/10.95 Clock Cy-cles equal In-struc-tion count $\OMS/cmsy/m/n/10.
95 ^^B$
 []


Underfull \hbox (badness 10000) in paragraph at lines 164--165

 []


Underfull \hbox (badness 10000) in paragraph at lines 177--178

 []


Underfull \hbox (badness 10000) in paragraph at lines 192--193

 []


Underfull \hbox (badness 10000) in paragraph at lines 194--195

 []

[7]
Overfull \hbox (16.61713pt too wide) detected at line 202
[]
 []


Overfull \hbox (42.67352pt too wide) detected at line 210
[] \OT1/cmr/m/n/10.95 = [] \OMS/cmsy/m/n/10.95 ^^B [] ^^B []
 []


Underfull \hbox (badness 1540) in paragraph at lines 217--218
[]\OT1/cmr/m/n/10.95 via the soft-ware tools
 []

[8]
Chapter 3.

Underfull \hbox (badness 10000) in paragraph at lines 252--253

 []


Underfull \hbox (badness 7704) in paragraph at lines 254--255
\OT1/cmr/m/n/10.95 codes, Ad-dress-ing Modes, Data Types,
 []


Underfull \hbox (badness 10000) in paragraph at lines 254--255

 []


Underfull \hbox (badness 10000) in paragraph at lines 272--273

 []

(/usr/local/texlive/2020/texmf-dist/tex/latex/listings/lstlang1.sty
File: lstlang1.sty 2020/03/24 1.8d listings language file
)
(/usr/local/texlive/2020/texmf-dist/tex/latex/listings/lstmisc.sty
File: lstmisc.sty 2020/03/24 1.8d (Carsten Heinz)
)
LaTeX Font Info:    Trying to load font information for TS1+cmtt on input line 
292.

(/usr/local/texlive/2020/texmf-dist/tex/latex/base/ts1cmtt.fd
File: ts1cmtt.fd 2019/12/16 v2.5j Standard LaTeX font definitions
)
Underfull \hbox (badness 10000) in paragraph at lines 292--293

 []


Underfull \hbox (badness 10000) in paragraph at lines 294--295

 []

[9

]
Underfull \hbox (badness 1168) in paragraph at lines 307--308
\OT1/cmr/m/n/10.95 Main mem-ory is used for com-pos-ite data
 []


Underfull \hbox (badness 10000) in paragraph at lines 307--308

 []


Underfull \hbox (badness 2334) in paragraph at lines 309--310
\OT1/cmr/m/n/10.95 that big-endianness or little-endianness of
 []


Underfull \hbox (badness 10000) in paragraph at lines 309--310

 []


Underfull \hbox (badness 10000) in paragraph at lines 311--312
[]\OT1/cmr/m/n/10.95 MIPS is a big-endian ar-chi-tec-
 []


Underfull \hbox (badness 2126) in paragraph at lines 311--312
\OT1/cmr/m/n/10.95 ture.[Meanwhile x86 is a little-endian ar-
 []


Underfull \hbox (badness 10000) in paragraph at lines 311--312

 []


Underfull \hbox (badness 1253) in paragraph at lines 356--357
[]\OT1/cmr/m/n/10.95 Without us-ing \OT1/cmtt/m/n/10.95 li\OT1/cmr/m/n/10.95 . 
Which it-self is an
 []


Underfull \hbox (badness 10000) in paragraph at lines 356--357

 []


Underfull \hbox (badness 10000) in paragraph at lines 362--363

 []


Overfull \hbox (3.93019pt too wide) has occurred while \output is active
\OT1/cmr/m/n/10.95 10 \OT1/cmr/m/sl/10.95 CHAPTER 3.  INSTRUCTIONS: LANGUAGE OF
 THE COMPUTER - OCTOBER 30, 2020
 []

[10]
Underfull \hbox (badness 10000) in paragraph at lines 364--365

 []


Underfull \hbox (badness 6125) in paragraph at lines 371--372
\OT1/cmr/m/n/10.95 Another bit-wise ma-nip-u-la-tion op-er-a-tions.
 []


Underfull \hbox (badness 10000) in paragraph at lines 371--372

 []


Underfull \hbox (badness 10000) in paragraph at lines 377--378

 []


Underfull \hbox (badness 10000) in paragraph at lines 399--400

 []


Underfull \hbox (badness 1515) in paragraph at lines 401--402
[]\OT1/cmr/m/n/10.95 Register num-bers in the ma-chine codes
 []


Underfull \hbox (badness 10000) in paragraph at lines 401--402

 []


Underfull \hbox (badness 1997) in paragraph at lines 403--404
\OT1/cmr/m/n/10.95 in-struc-tion struc-ture but not the reg-is-ter
 []


Underfull \hbox (badness 10000) in paragraph at lines 403--404

 []


Underfull \hbox (badness 1158) in paragraph at lines 405--406
\OT1/cmr/m/n/10.95 There are many more R type op-er-a-tions,
 []


Underfull \hbox (badness 1107) in paragraph at lines 405--406
\OT1/cmr/m/n/10.95 the pro-ces-sor de-sign, all in-struc-tions with
 []


Underfull \hbox (badness 10000) in paragraph at lines 405--406

 []


Underfull \hbox (badness 10000) in paragraph at lines 407--408

 []

[11]
Underfull \hbox (badness 1558) in paragraph at lines 427--428
[]\OT1/cmr/m/n/10.95 Instructions in the I-Type are ime-di-ate
 []


Underfull \hbox (badness 1824) in paragraph at lines 427--428
\OT1/cmr/m/n/10.95 arith-matic in-struc-tions, load-/-s-tore in-struc-
 []


Underfull \hbox (badness 10000) in paragraph at lines 427--428

 []


Underfull \hbox (badness 10000) in paragraph at lines 429--430

 []


Overfull \hbox (4.63141pt too wide) in paragraph at lines 436--443
[][] 
 []


Underfull \hbox (badness 10000) in paragraph at lines 447--448

 []


Overfull \hbox (3.93019pt too wide) has occurred while \output is active
\OT1/cmr/m/n/10.95 12 \OT1/cmr/m/sl/10.95 CHAPTER 3.  INSTRUCTIONS: LANGUAGE OF
 THE COMPUTER - OCTOBER 30, 2020
 []

[12]
Chapter 4.

Underfull \hbox (badness 2318) in paragraph at lines 455--455
[]\OT1/cmr/bx/n/14.4 Instructions for Mak-ing
 []


Underfull \hbox (badness 10000) in paragraph at lines 463--464

 []


Underfull \hbox (badness 10000) in paragraph at lines 465--466

 []


Underfull \hbox (badness 1838) in paragraph at lines 467--468
[]\OT1/cmtt/m/n/10.95 j \OT1/cmr/m/n/10.95 in-sr-tuc-tion is rep-re-sented via 
J-Type
 []


Underfull \hbox (badness 10000) in paragraph at lines 467--468

 []


Underfull \vbox (badness 4967) has occurred while \output is active []

 [13

]
Underfull \hbox (badness 10000) in paragraph at lines 535--536

 []


Underfull \hbox (badness 1448) in paragraph at lines 576--577
[]\OT1/cmr/m/n/10.95 To call a pro-ce-dure, we use the jump
 []


Underfull \hbox (badness 1762) in paragraph at lines 576--577
\OT1/cmr/m/n/10.95 and link in-struc-tion, \OT1/cmtt/m/n/10.95 jal\OT1/cmr/m/n/
10.95 , the jump and
 []


Underfull \hbox (badness 10000) in paragraph at lines 576--577

 []


Underfull \hbox (badness 1048) in paragraph at lines 582--583
\OT1/cmr/bx/n/10.95 The caller \OT1/cmr/m/n/10.95 puts the pa-ram-e-ter val-ues
 in
 []


Underfull \hbox (badness 10000) in paragraph at lines 582--583

 []


Underfull \hbox (badness 10000) in paragraph at lines 584--585

 []


Overfull \hbox (68.10823pt too wide) has occurred while \output is active
\OT1/cmr/m/n/10.95 14 \OT1/cmr/m/sl/10.95 CHAPTER 4.  INSTRUCTIONS: LANGUAGE OF
 THE COMPUTER (CONT`D) - NOVEMBER 13, 2020
 []

[14]
Underfull \hbox (badness 1400) in paragraph at lines 586--587
[]\OT1/cmr/m/n/10.95 The PC (Pro-gram counter) is the spe-
 []


Underfull \hbox (badness 10000) in paragraph at lines 586--587

 []

LaTeX Font Info:    Trying to load font information for OMS+cmr on input line 5
96.
(/usr/local/texlive/2020/texmf-dist/tex/latex/base/omscmr.fd
File: omscmr.fd 2019/12/16 v2.5j Standard LaTeX font definitions
)
LaTeX Font Info:    Font shape `OMS/cmr/m/n' in size <10.95> not available
(Font)              Font shape `OMS/cmsy/m/n' tried instead on input line 596.

Overfull \hbox (68.08301pt too wide) in paragraph at lines 615--616
[][][][][][][][][][][][][][][][][][] 
 []


Overfull \hbox (15.52246pt too wide) in paragraph at lines 616--617
[][][][][][][][][][][][][][][][][] 
 []


Overfull \hbox (61.51294pt too wide) in paragraph at lines 622--623
[][][][][][][][][][][][][][][][][][] 
 []


Overfull \hbox (35.23267pt too wide) in paragraph at lines 623--624
[][][][][][][][][][][][][][][][][] 
 []


Underfull \hbox (badness 10000) in paragraph at lines 630--631

 []

[15]
Overfull \hbox (61.51294pt too wide) in paragraph at lines 658--659
[][][][][][][][][][][][][][][][][][] 
 []


Overfull \hbox (22.09253pt too wide) in paragraph at lines 659--660
[][][][][][][][][][][][][][][][][] 
 []


Overfull \hbox (61.51294pt too wide) in paragraph at lines 663--664
[][][][][][][][][][][][][][][][][][] 
 []


Underfull \hbox (badness 10000) in paragraph at lines 669--670

 []


Underfull \hbox (badness 1005) in paragraph at lines 675--676
\OT1/cmr/m/n/10.95 Procedures that call other pro-ce-dures, for
 []


Underfull \hbox (badness 10000) in paragraph at lines 675--676

 []

LaTeX Font Info:    Trying to load font information for OML+cmr on input line 6
81.
(/usr/local/texlive/2020/texmf-dist/tex/latex/base/omlcmr.fd
File: omlcmr.fd 2019/12/16 v2.5j Standard LaTeX font definitions
)
LaTeX Font Info:    Font shape `OML/cmr/m/n' in size <10.95> not available
(Font)              Font shape `OML/cmm/m/it' tried instead on input line 681.

Overfull \hbox (15.52246pt too wide) in paragraph at lines 682--683
[][][][][][][][][][][][][][][][][][] 
 []


Underfull \hbox (badness 10000) in paragraph at lines 707--708

 []


Underfull \hbox (badness 10000) in paragraph at lines 709--710

 []


Underfull \hbox (badness 1728) in paragraph at lines 711--712
\OT1/cmr/m/n/10.95 stored how-ever, since in cer-tain re-cur-sive
 []


Underfull \hbox (badness 10000) in paragraph at lines 711--712

 []


Overfull \hbox (68.10823pt too wide) has occurred while \output is active
\OT1/cmr/m/n/10.95 16 \OT1/cmr/m/sl/10.95 CHAPTER 4.  INSTRUCTIONS: LANGUAGE OF
 THE COMPUTER (CONT`D) - NOVEMBER 13, 2020
 []

[16]
Chapter 5.

Underfull \hbox (badness 10000) in paragraph at lines 722--723

 []


Overfull \hbox (4.63141pt too wide) in paragraph at lines 729--736
[][] 
 []


Underfull \vbox (badness 1014) has occurred while \output is active []


Underfull \hbox (badness 10000) in paragraph at lines 759--760

 []

[17

]
Underfull \hbox (badness 10000) in paragraph at lines 783--784

 []


Underfull \hbox (badness 10000) in paragraph at lines 785--786

 []


Overfull \hbox (68.10823pt too wide) has occurred while \output is active
\OT1/cmr/m/n/10.95 18 \OT1/cmr/m/sl/10.95 CHAPTER 5.  INSTRUCTIONS: LANGUAGE OF
 THE COMPUTER (CONT`D) - NOVEMBER 20, 2020
 []

[18]
Chapter 6.

Underfull \hbox (badness 10000) in paragraph at lines 855--856

 []


Underfull \hbox (badness 10000) in paragraph at lines 857--858

 []


Overfull \hbox (2.38232pt too wide) in paragraph at lines 863--864
[][][][][][][][][][][][][][][][][][] 
 []


Overfull \hbox (2.38232pt too wide) in paragraph at lines 874--875
[][][][][][][][][][][][][][][][][][] 
 []


Underfull \vbox (badness 10000) has occurred while \output is active []

 [19

]
Underfull \hbox (badness 1320) in paragraph at lines 909--910
\OT1/cmr/m/n/10.95 in-struc-tions have a one-to-one re-la-tion-ship
 []


Underfull \hbox (badness 2644) in paragraph at lines 909--910
\OT1/cmr/bx/n/10.95 tions \OT1/cmr/m/n/10.95 are in-struc-tions that do not hav
e
 []


Underfull \hbox (badness 10000) in paragraph at lines 909--910

 []


Underfull \hbox (badness 10000) in paragraph at lines 911--912

 []


Underfull \hbox (badness 6364) in paragraph at lines 922--923
[]\OT1/cmr/m/n/10.95 Data al-lo-cated for
 []


Underfull \hbox (badness 10000) in paragraph at lines 923--924
[]\OT1/cmr/m/n/10.95 Instructions and
 []


Underfull \hbox (badness 2359) in paragraph at lines 923--924
\OT1/cmr/m/n/10.95 data words that de-pend on ab-so-lute
 []


Underfull \hbox (badness 10000) in paragraph at lines 934--935

 []


Overfull \hbox (68.10823pt too wide) has occurred while \output is active
\OT1/cmr/m/n/10.95 20 \OT1/cmr/m/sl/10.95 CHAPTER 6.  INSTRUCTIONS: LANGUAGE OF
 THE COMPUTER (CONT`D) - NOVEMBER 27, 2020
 []

[20]
Underfull \hbox (badness 10000) in paragraph at lines 952--953

 []


Overfull \hbox (148.28983pt too wide) in paragraph at lines 955--966
[][] 
 []


Underfull \hbox (badness 10000) in paragraph at lines 995--996

 []


Underfull \hbox (badness 2591) in paragraph at lines 997--998
[]\OT1/cmr/m/n/10.95 First loop trans-for-ma-tion is \OT1/cmr/bx/n/10.95 loop u
n-
 []


Overfull \hbox (74.65308pt too wide) in paragraph at lines 1019--1021
[][][][][][][][][][][][][][][][][][][][][][][][][][][][][][][][][] 
 []


Underfull \hbox (badness 1383) in paragraph at lines 1024--1025
[]\OT1/cmr/m/n/10.95 Another trans-for-ma-tion is \OT1/cmr/bx/n/10.95 loop fu-s
ion\OT1/cmr/m/n/10.95 ,
 []

[21]
Underfull \hbox (badness 2486) in paragraph at lines 1044--1045
[]\OT1/cmr/m/n/10.95 Another trans-for-ma-tion is \OT1/cmr/bx/n/10.95 loop tili
ng\OT1/cmr/m/n/10.95 ,
 []


Underfull \hbox (badness 10000) in paragraph at lines 1048--1049

 []


Underfull \hbox (badness 3058) in paragraph at lines 1050--1051
[]\OT1/cmr/m/n/10.95 This how-ever, in-creases the code size.
 []


Underfull \hbox (badness 3343) in paragraph at lines 1053--1054
\OT1/cmr/m/n/10.95 rep-re-sen-ta-tion, al-go-rithm, pro-ce-dures and
 []


Underfull \hbox (badness 10000) in paragraph at lines 1053--1054

 []


Overfull \hbox (68.10823pt too wide) has occurred while \output is active
\OT1/cmr/m/n/10.95 22 \OT1/cmr/m/sl/10.95 CHAPTER 6.  INSTRUCTIONS: LANGUAGE OF
 THE COMPUTER (CONT`D) - NOVEMBER 27, 2020
 []

[22]
Chapter 7.

Underfull \hbox (badness 10000) in paragraph at lines 1061--1062

 []


Underfull \hbox (badness 2486) in paragraph at lines 1070--1071
[]\OT1/cmr/m/n/10.95 Where $\OML/cmm/m/it/10.95 x[]$ \OT1/cmr/m/n/10.95 rep-re-
sents the dig-its of the
 []


Underfull \hbox (badness 10000) in paragraph at lines 1070--1071

 []


Underfull \hbox (badness 10000) in paragraph at lines 1082--1083

 []

[23

]
Underfull \hbox (badness 10000) in paragraph at lines 1117--1118

 []


Underfull \hbox (badness 10000) in paragraph at lines 1119--1120

 []


Underfull \hbox (badness 10000) in paragraph at lines 1121--1122

 []


Underfull \vbox (badness 1092) has occurred while \output is active []


Underfull \hbox (badness 1675) in paragraph at lines 1140--1141
\OT1/cmr/m/n/10.95 stored the 64-bit prod-uct in \OT1/cmtt/m/n/10.95 LO \OT1/cm
r/m/n/10.95 and \OT1/cmtt/m/n/10.95 HI\OT1/cmr/m/n/10.95 ,
 []


Underfull \hbox (badness 1577) in paragraph at lines 1140--1141
\OT1/cmr/m/n/10.95 the spe-cial move in-struc-tions \OT1/cmtt/m/n/10.95 mfhi \O
T1/cmr/m/n/10.95 (move
 []


Underfull \hbox (badness 10000) in paragraph at lines 1140--1141

 []


Underfull \hbox (badness 1371) in paragraph at lines 1142--1143
[]\OT1/cmr/m/n/10.95 The sim-pler \OT1/cmtt/m/n/10.95 mul rd, rs, rt \OT1/cmr/m
/n/10.95 places the
 []


Underfull \hbox (badness 1655) in paragraph at lines 1146--1147
$\OML/cmm/m/it/10.95 n$ \OT1/cmr/m/n/10.95 bit operands yield $\OML/cmm/m/it/10
.95 n$ \OT1/cmr/m/n/10.95 bit quo-tient and
 []


Underfull \hbox (badness 10000) in paragraph at lines 1146--1147

 []


Underfull \hbox (badness 10000) in paragraph at lines 1148--1149

 []


Underfull \hbox (badness 10000) in paragraph at lines 1150--1151

 []


Underfull \hbox (badness 1009) in paragraph at lines 1156--1157
\OT1/cmr/m/n/10.95 sci-en-tific no-ta-tion, or nor-mal-ized no-ta-tion.
 []


Underfull \hbox (badness 10000) in paragraph at lines 1156--1157

 []

[24]
Underfull \hbox (badness 1194) in paragraph at lines 1179--1180
\OT1/cmr/m/n/10.95 mal-ized, that is, it al-ways has a lead-ing
 []


Underfull \hbox (badness 10000) in paragraph at lines 1179--1180

 []


Underfull \hbox (badness 10000) in paragraph at lines 1181--1182

 []


Underfull \hbox (badness 2875) in paragraph at lines 1183--1184
[]\OT1/cmr/m/n/10.95 [Other than dou-ble pre-ci-sion (64 bits)
 []


Underfull \hbox (badness 10000) in paragraph at lines 1183--1184

 []

[25

] [26

]
Chapter 8.

Underfull \hbox (badness 1354) in paragraph at lines 1199--1200
[]\OT1/cmr/m/n/10.95 Change the PC based on com-par-i-son
 []


Underfull \hbox (badness 10000) in paragraph at lines 1202--1203

 []


Underfull \hbox (badness 1902) in paragraph at lines 1204--1205
[]\OT1/cmr/m/n/10.95 This CPU de-sign uses Mul-ti-plexer and
 []


Underfull \hbox (badness 10000) in paragraph at lines 1204--1205

 []


Underfull \hbox (badness 1132) in paragraph at lines 1210--1211
\OT1/cmr/m/n/10.95 Fetch the in-struc-tion from the in-struc-tion
 []


Underfull \vbox (badness 1117) has occurred while \output is active []

 [27]
Underfull \hbox (badness 1960) in paragraph at lines 1232--1233
[]\OT1/cmr/m/n/10.95 in our sim-pli-fied MIPS im-ple-men-ta-tion,
 []

Missing character: There is no ; in font nullfont!
Missing character: There is no ; in font nullfont!

Underfull \hbox (badness 10000) in paragraph at lines 1272--1273
\OT1/cmr/m/n/10.95 An in-struc-tion such as \OT1/cmtt/m/n/10.95 lw \TS1/cmtt/m/
n/10.95 $\OT1/cmtt/m/n/10.95 t1,
 []


Underfull \hbox (badness 2486) in paragraph at lines 1272--1273
\OT1/cmtt/m/n/10.95 offset(\TS1/cmtt/m/n/10.95 $\OT1/cmtt/m/n/10.95 t2)\OT1/cmr
/m/n/10.95 reads reg-is-ter operands, com-
 []


Underfull \hbox (badness 10000) in paragraph at lines 1272--1273

 []

[28] [29

] [30

]
Chapter 9.

Underfull \hbox (badness 10000) in paragraph at lines 1315--1316

 []


Underfull \hbox (badness 10000) in paragraph at lines 1319--1320

 []


Underfull \hbox (badness 10000) in paragraph at lines 1323--1324

 []


Underfull \hbox (badness 10000) in paragraph at lines 1325--1326

 []


Underfull \hbox (badness 10000) in paragraph at lines 1329--1330

 []

[31] [32

]
Chapter 10.

Underfull \hbox (badness 1242) in paragraph at lines 1335--1336
\OT1/cmr/m/n/10.95 one in-struc-tion each stage thus in-creas-ing
 []


Underfull \hbox (badness 10000) in paragraph at lines 1335--1336

 []


Underfull \hbox (badness 1057) in paragraph at lines 1337--1338
\OT1/cmr/m/n/10.95 tion to dif-fer-ent stages and then mul-ti-ple
 []


Underfull \hbox (badness 10000) in paragraph at lines 1337--1338

 []

[33

] [34

]
Chapter 11.
[35

] (./lecturenotes.aux)

LaTeX Warning: There were multiply-defined labels.

 ) 
Here is how much of TeX's memory you used:
 28484 strings out of 480906
 675648 string characters out of 5908268
 1258975 words of memory out of 5000000
 43733 multiletter control sequences out of 15000+600000
 545564 words of font info for 67 fonts, out of 8000000 for 9000
 1141 hyphenation exceptions out of 8191
 68i,12n,71p,595b,1481s stack positions out of 5000i,500n,10000p,200000b,80000s
{/usr/local/texlive/2020/texmf-dist/fonts/enc/dvips/cm-super/cm-super-ts1.enc
}</usr/local/texlive/2020/texmf-dist/fonts/type1/public/amsfonts/cm/cmbx10.pfb>
</usr/local/texlive/2020/texmf-dist/fonts/type1/public/amsfonts/cm/cmbx12.pfb><
/usr/local/texlive/2020/texmf-dist/fonts/type1/public/amsfonts/cm/cmex10.pfb></
usr/local/texlive/2020/texmf-dist/fonts/type1/public/amsfonts/cm/cmmi10.pfb></u
sr/local/texlive/2020/texmf-dist/fonts/type1/public/amsfonts/cm/cmmi6.pfb></usr
/local/texlive/2020/texmf-dist/fonts/type1/public/amsfonts/cm/cmmi8.pfb></usr/l
ocal/texlive/2020/texmf-dist/fonts/type1/public/amsfonts/cm/cmr10.pfb></usr/loc
al/texlive/2020/texmf-dist/fonts/type1/public/amsfonts/cm/cmr12.pfb></usr/local
/texlive/2020/texmf-dist/fonts/type1/public/amsfonts/cm/cmr17.pfb></usr/local/t
exlive/2020/texmf-dist/fonts/type1/public/amsfonts/cm/cmr6.pfb></usr/local/texl
ive/2020/texmf-dist/fonts/type1/public/amsfonts/cm/cmr8.pfb></usr/local/texlive
/2020/texmf-dist/fonts/type1/public/amsfonts/cm/cmsl10.pfb></usr/local/texlive/
2020/texmf-dist/fonts/type1/public/amsfonts/cm/cmsy10.pfb></usr/local/texlive/2
020/texmf-dist/fonts/type1/public/amsfonts/cm/cmsy8.pfb></usr/local/texlive/202
0/texmf-dist/fonts/type1/public/amsfonts/cm/cmti10.pfb></usr/local/texlive/2020
/texmf-dist/fonts/type1/public/amsfonts/cm/cmtt10.pfb></usr/local/texlive/2020/
texmf-dist/fonts/type1/public/cm-super/sfbx1095.pfb></usr/local/texlive/2020/te
xmf-dist/fonts/type1/public/cm-super/sfrm1095.pfb></usr/local/texlive/2020/texm
f-dist/fonts/type1/public/cm-super/sftt1095.pfb>
Output written on lecturenotes.pdf (35 pages, 297223 bytes).
PDF statistics:
 197 PDF objects out of 1000 (max. 8388607)
 139 compressed objects within 2 object streams
 0 named destinations out of 1000 (max. 500000)
 13 words of extra memory for PDF output out of 10000 (max. 10000000)

